<?xml version="1.0" encoding="UTF-8"?>
<!-- Generated by org.testng.reporters.JUnitReportReporter -->
<testsuite hostname="EPINHYDW0867" failures="0" tests="1" name="GooglePageTest" time="4.318" errors="0" timestamp="2024-04-25T17:18:53 IST" skipped="0">
  <testcase classname="GooglePageTest" name="googleText" time="4.318"/>
</testsuite> <!-- GooglePageTest -->
